2026-05-04 12:49:16,568 - core.inventory - INFO - Item 'test_item' added/updated with price 10 and stock 100
2026-05-04 12:49:16,574 - core.inventory - INFO - Updated stock for 'test_item': 100 -> 95
2026-05-04 12:49:16,588 - core.billing - INFO - Transaction 1 completed. Total: 50.0
2026-05-04 12:49:16,595 - core.inventory - INFO - Item 'test_item' added/updated with price 10 and stock 100
2026-05-04 12:49:16,602 - core.inventory - INFO - Updated stock for 'test_item': 100 -> 110
2026-05-04 12:49:16,603 - core.inventory - WARNING - Insufficient stock for 'test_item'. Current: 110, Requested reduction: 200
2026-05-04 12:49:16,603 - nlp.intent_parser - INFO - Processing input: add 5 magy
2026-05-04 12:49:16,603 - nlp.intent_parser - INFO - Parsed data: {'intent': 'ADD_ITEM', 'original_text': 'add 5 magy', 'item': None, 'quantity': 5, 'amount': 0.0, 'category': 'general'}
2026-05-04 12:49:16,604 - nlp.intent_parser - INFO - Processing input: 3 maggi add karo
2026-05-04 12:49:16,604 - nlp.intent_parser - INFO - Parsed data: {'intent': 'ADD_ITEM', 'original_text': '3 maggi add karo', 'item': 'maggi', 'quantity': 3, 'amount': 0.0, 'category': 'general'}
2026-05-04 12:49:16,604 - nlp.intent_parser - INFO - Processing input: bill 2 bread
2026-05-04 12:49:16,604 - nlp.intent_parser - INFO - Parsed data: {'intent': 'CREATE_BILL', 'original_text': 'bill 2 bread', 'item': 'bread', 'quantity': 2, 'amount': 0.0, 'category': 'general'}
2026-05-04 12:50:11,881 - core.inventory - INFO - Item 'test_item' added/updated with price 10 and stock 100
2026-05-04 12:50:11,889 - core.inventory - INFO - Updated stock for 'test_item': 100 -> 95
2026-05-04 12:50:11,904 - core.billing - INFO - Transaction 2 completed. Total: 50.0
2026-05-04 12:50:11,912 - core.inventory - INFO - Item 'test_item' added/updated with price 10 and stock 100
2026-05-04 12:50:11,922 - core.inventory - INFO - Updated stock for 'test_item': 100 -> 110
2026-05-04 12:50:11,922 - core.inventory - WARNING - Insufficient stock for 'test_item'. Current: 110, Requested reduction: 200
2026-05-04 12:50:11,929 - core.inventory - INFO - Item 'maggi' added/updated with price 20 and stock 100
2026-05-04 12:50:11,937 - core.inventory - INFO - Item 'bread' added/updated with price 25 and stock 50
2026-05-04 12:50:11,937 - nlp.intent_parser - INFO - Processing input: add 5 magy
2026-05-04 12:50:11,937 - nlp.intent_parser - INFO - Parsed data: {'intent': 'ADD_ITEM', 'original_text': 'add 5 magy', 'item': None, 'quantity': 5, 'amount': 0.0, 'category': 'general'}
2026-05-04 12:50:11,945 - core.inventory - INFO - Item 'maggi' added/updated with price 20 and stock 100
2026-05-04 12:50:11,953 - core.inventory - INFO - Item 'bread' added/updated with price 25 and stock 50
2026-05-04 12:50:11,953 - nlp.intent_parser - INFO - Processing input: 3 maggi add karo
2026-05-04 12:50:11,953 - nlp.intent_parser - INFO - Parsed data: {'intent': 'ADD_ITEM', 'original_text': '3 maggi add karo', 'item': 'maggi', 'quantity': 3, 'amount': 0.0, 'category': 'general'}
2026-05-04 12:50:11,953 - nlp.intent_parser - INFO - Processing input: bill 2 bread
2026-05-04 12:50:11,953 - nlp.intent_parser - INFO - Parsed data: {'intent': 'CREATE_BILL', 'original_text': 'bill 2 bread', 'item': 'bread', 'quantity': 2, 'amount': 0.0, 'category': 'general'}
2026-05-04 12:50:34,073 - core.inventory - INFO - Item 'test_item' added/updated with price 10 and stock 100
2026-05-04 12:50:34,081 - core.inventory - INFO - Updated stock for 'test_item': 100 -> 95
2026-05-04 12:50:34,095 - core.billing - INFO - Transaction 3 completed. Total: 50.0
2026-05-04 12:50:34,102 - core.inventory - INFO - Item 'test_item' added/updated with price 10 and stock 100
2026-05-04 12:50:34,110 - core.inventory - INFO - Updated stock for 'test_item': 100 -> 110
2026-05-04 12:50:34,110 - core.inventory - WARNING - Insufficient stock for 'test_item'. Current: 110, Requested reduction: 200
2026-05-04 12:50:34,118 - core.inventory - INFO - Item 'maggi' added/updated with price 20 and stock 100
2026-05-04 12:50:34,124 - core.inventory - INFO - Item 'bread' added/updated with price 25 and stock 50
2026-05-04 12:50:34,125 - nlp.intent_parser - INFO - Processing input: add 5 magy
2026-05-04 12:50:34,125 - nlp.entity_extractor - INFO - Fuzzy matched 'add 5 magy' to item 'maggi' (ratio: 0.6666666666666666)
2026-05-04 12:50:34,125 - nlp.intent_parser - INFO - Parsed data: {'intent': 'ADD_ITEM', 'original_text': 'add 5 magy', 'item': 'maggi', 'quantity': 5, 'amount': 0.0, 'category': 'general'}
2026-05-04 12:50:34,131 - core.inventory - INFO - Item 'maggi' added/updated with price 20 and stock 100
2026-05-04 12:50:34,138 - core.inventory - INFO - Item 'bread' added/updated with price 25 and stock 50
2026-05-04 12:50:34,138 - nlp.intent_parser - INFO - Processing input: 3 maggi add karo
2026-05-04 12:50:34,138 - nlp.intent_parser - INFO - Parsed data: {'intent': 'ADD_ITEM', 'original_text': '3 maggi add karo', 'item': 'maggi', 'quantity': 3, 'amount': 0.0, 'category': 'general'}
2026-05-04 12:50:34,139 - nlp.intent_parser - INFO - Processing input: bill 2 bread
2026-05-04 12:50:34,139 - nlp.intent_parser - INFO - Parsed data: {'intent': 'CREATE_BILL', 'original_text': 'bill 2 bread', 'item': 'bread', 'quantity': 2, 'amount': 0.0, 'category': 'general'}
2026-05-04 12:55:29,530 - Main - INFO - Starting Chotu AI Upgraded System
2026-05-04 12:55:29,530 - Main - INFO - Launching Desktop GUI...
2026-05-04 12:56:05,926 - Main - INFO - Starting Chotu AI Upgraded System
2026-05-04 12:56:05,926 - Main - INFO - Launching Desktop GUI...
2026-05-04 12:56:16,341 - nlp.intent_parser - INFO - Processing input: add 5 maggie
2026-05-04 12:56:16,342 - nlp.intent_parser - INFO - Parsed data: {'intent': 'ADD_ITEM', 'original_text': 'add 5 maggie', 'item': 'maggi', 'quantity': 5, 'amount': 0.0, 'category': 'general'}
2026-05-04 12:56:16,351 - core.inventory - INFO - Updated stock for 'maggi': 100 -> 105
2026-05-04 12:56:37,451 - nlp.intent_parser - INFO - Processing input: show inventory
2026-05-04 12:56:37,452 - nlp.intent_parser - INFO - Parsed data: {'intent': 'UNKNOWN', 'original_text': 'show inventory', 'item': None, 'quantity': 1, 'amount': 0.0, 'category': 'general'}
2026-05-04 12:57:12,841 - nlp.intent_parser - INFO - Processing input: add 2 biscuit
2026-05-04 12:57:12,841 - nlp.intent_parser - INFO - Parsed data: {'intent': 'ADD_ITEM', 'original_text': 'add 2 biscuit', 'item': 'biscuit', 'quantity': 2, 'amount': 0.0, 'category': 'general'}
2026-05-04 12:57:12,849 - core.inventory - INFO - Updated stock for 'biscuit': 120 -> 122
2026-05-04 13:04:24,472 - Main - INFO - Starting Chotu AI Upgraded System
2026-05-04 13:04:24,472 - Main - INFO - Launching Desktop GUI...
2026-05-04 13:04:32,407 - nlp.intent_parser - INFO - Processing input: i do packets maggie
2026-05-04 13:04:32,407 - nlp.intent_parser - INFO - Parsed data: {'intent': 'UNKNOWN', 'original_text': 'i do packets maggie', 'item': None, 'quantity': 1, 'amount': 0.0, 'category': 'general'}
2026-05-04 13:04:43,388 - nlp.intent_parser - INFO - Processing input: i'd two packets maggie
2026-05-04 13:04:43,388 - nlp.intent_parser - INFO - Parsed data: {'intent': 'UNKNOWN', 'original_text': "i'd two packets maggie", 'item': None, 'quantity': 1, 'amount': 0.0, 'category': 'general'}
2026-05-04 13:04:52,167 - nlp.intent_parser - INFO - Processing input: it
2026-05-04 13:04:52,168 - nlp.intent_parser - INFO - Parsed data: {'intent': 'UNKNOWN', 'original_text': 'it', 'item': None, 'quantity': 1, 'amount': 0.0, 'category': 'general'}
2026-05-04 13:05:04,587 - nlp.intent_parser - INFO - Processing input: men
2026-05-04 13:05:04,588 - nlp.intent_parser - INFO - Parsed data: {'intent': 'UNKNOWN', 'original_text': 'men', 'item': None, 'quantity': 1, 'amount': 0.0, 'category': 'general'}
2026-05-04 13:05:19,749 - nlp.intent_parser - INFO - Processing input: add 2 milk
2026-05-04 13:05:19,750 - nlp.intent_parser - INFO - Parsed data: {'intent': 'ADD_ITEM', 'original_text': 'add 2 milk', 'item': 'milk', 'quantity': 2, 'amount': 0.0, 'category': 'general'}
2026-05-04 13:05:19,758 - core.inventory - INFO - Updated stock for 'milk': 80 -> 82
2026-05-04 13:07:11,339 - nlp.intent_parser - INFO - Processing input: it's
2026-05-04 13:07:11,339 - nlp.intent_parser - INFO - Parsed data: {'intent': 'UNKNOWN', 'original_text': "it's", 'item': None, 'quantity': 1, 'amount': 0.0, 'category': 'general'}
2026-05-04 13:07:25,500 - nlp.intent_parser - INFO - Processing input: what else
2026-05-04 13:07:25,500 - nlp.intent_parser - INFO - Parsed data: {'intent': 'UNKNOWN', 'original_text': 'what else', 'item': None, 'quantity': 1, 'amount': 0.0, 'category': 'general'}
2026-05-04 13:16:08,145 - Main - INFO - Starting Chotu AI Upgraded System
2026-05-04 13:16:08,145 - Main - INFO - Launching Desktop GUI...
2026-05-04 13:16:45,406 - nlp.intent_parser - INFO - Processing input: one biscuit
2026-05-04 13:16:45,407 - nlp.intent_parser - INFO - Parsed data: {'intent': 'UNKNOWN', 'original_text': 'one biscuit', 'item': None, 'quantity': 1, 'amount': 0.0, 'category': 'general'}
2026-05-04 13:17:31,918 - nlp.intent_parser - INFO - Processing input: one maggi
2026-05-04 13:17:31,919 - nlp.intent_parser - INFO - Parsed data: {'intent': 'UNKNOWN', 'original_text': 'one maggi', 'item': None, 'quantity': 1, 'amount': 0.0, 'category': 'general'}
2026-05-04 13:17:38,489 - nlp.intent_parser - INFO - Processing input: add one oats
2026-05-04 13:17:38,490 - nlp.intent_parser - INFO - Parsed data: {'intent': 'ADD_ITEM', 'original_text': 'add one oats', 'item': 'oats', 'quantity': 1, 'amount': 0.0, 'category': 'general'}
2026-05-04 13:17:38,499 - core.inventory - INFO - Updated stock for 'oats': 45 -> 46
2026-05-04 13:17:47,103 - nlp.intent_parser - INFO - Processing input: add one maggi
2026-05-04 13:17:47,103 - nlp.intent_parser - INFO - Parsed data: {'intent': 'ADD_ITEM', 'original_text': 'add one maggi', 'item': 'maggi', 'quantity': 1, 'amount': 0.0, 'category': 'general'}
2026-05-04 13:17:47,113 - core.inventory - INFO - Updated stock for 'maggi': 105 -> 106
2026-05-04 13:17:58,201 - nlp.intent_parser - INFO - Processing input: add
2026-05-04 13:17:58,202 - nlp.intent_parser - INFO - Parsed data: {'intent': 'ADD_ITEM', 'original_text': 'add', 'item': None, 'quantity': 1, 'amount': 0.0, 'category': 'general'}
2026-05-04 13:18:04,900 - nlp.intent_parser - INFO - Processing input: add four maggi
2026-05-04 13:18:04,901 - nlp.intent_parser - INFO - Parsed data: {'intent': 'ADD_ITEM', 'original_text': 'add four maggi', 'item': 'maggi', 'quantity': 4, 'amount': 0.0, 'category': 'general'}
2026-05-04 13:18:04,911 - core.inventory - INFO - Updated stock for 'maggi': 106 -> 110
2026-05-04 13:18:10,698 - nlp.intent_parser - INFO - Processing input: add four oats
2026-05-04 13:18:10,699 - nlp.intent_parser - INFO - Parsed data: {'intent': 'ADD_ITEM', 'original_text': 'add four oats', 'item': 'oats', 'quantity': 4, 'amount': 0.0, 'category': 'general'}
2026-05-04 13:18:10,709 - core.inventory - INFO - Updated stock for 'oats': 46 -> 50
2026-05-04 13:18:15,732 - nlp.intent_parser - INFO - Processing input: add four
2026-05-04 13:18:15,733 - nlp.intent_parser - INFO - Parsed data: {'intent': 'ADD_ITEM', 'original_text': 'add four', 'item': None, 'quantity': 4, 'amount': 0.0, 'category': 'general'}
2026-05-04 13:18:20,298 - nlp.intent_parser - INFO - Processing input: add
2026-05-04 13:18:20,298 - nlp.intent_parser - INFO - Parsed data: {'intent': 'ADD_ITEM', 'original_text': 'add', 'item': None, 'quantity': 1, 'amount': 0.0, 'category': 'general'}
2026-05-04 13:18:24,272 - nlp.intent_parser - INFO - Processing input: add
2026-05-04 13:18:24,272 - nlp.intent_parser - INFO - Parsed data: {'intent': 'ADD_ITEM', 'original_text': 'add', 'item': None, 'quantity': 1, 'amount': 0.0, 'category': 'general'}
2026-05-04 13:18:27,941 - nlp.intent_parser - INFO - Processing input: add biscuit
2026-05-04 13:18:27,942 - nlp.intent_parser - INFO - Parsed data: {'intent': 'ADD_ITEM', 'original_text': 'add biscuit', 'item': 'biscuit', 'quantity': 1, 'amount': 0.0, 'category': 'general'}
2026-05-04 13:18:27,951 - core.inventory - INFO - Updated stock for 'biscuit': 122 -> 123
2026-05-04 13:18:35,402 - nlp.intent_parser - INFO - Processing input: add
2026-05-04 13:18:35,403 - nlp.intent_parser - INFO - Parsed data: {'intent': 'ADD_ITEM', 'original_text': 'add', 'item': None, 'quantity': 1, 'amount': 0.0, 'category': 'general'}
2026-05-04 13:18:41,248 - nlp.intent_parser - INFO - Processing input: add do biscuit
2026-05-04 13:18:41,248 - nlp.intent_parser - INFO - Parsed data: {'intent': 'ADD_ITEM', 'original_text': 'add do biscuit', 'item': 'biscuit', 'quantity': 2, 'amount': 0.0, 'category': 'general'}
2026-05-04 13:18:41,258 - core.inventory - INFO - Updated stock for 'biscuit': 123 -> 125
2026-05-04 13:23:24,224 - Main - INFO - Starting Chotu AI Upgraded System
2026-05-04 13:23:24,224 - Main - INFO - Launching Desktop GUI...
2026-05-04 13:33:29,012 - Main - INFO - Starting Chotu AI Upgraded System
2026-05-04 13:33:29,012 - Main - INFO - Launching Desktop GUI...
2026-05-04 13:33:29,293 - Main - ERROR - GUI failed to start: 'BillingFrame' object has no attribute 'total_label'
2026-05-04 13:35:32,758 - Main - INFO - Starting Chotu AI Upgraded System
2026-05-04 13:35:32,758 - Main - INFO - Launching Desktop GUI...
2026-05-04 13:35:33,362 - Main - ERROR - GUI failed to start: too many values to unpack (expected 2, got 3)
2026-05-04 13:37:15,775 - Main - INFO - Starting Chotu AI Upgraded System
2026-05-04 13:37:15,775 - Main - INFO - Launching Desktop GUI...
2026-05-04 13:40:33,015 - Main - INFO - Starting Chotu AI Upgraded System
2026-05-04 13:40:33,015 - Main - INFO - Launching Desktop GUI...
2026-05-04 13:40:33,245 - Main - ERROR - GUI failed to start: 'CTkFrame' object has no attribute 'set_geometry'
2026-05-04 13:41:03,863 - Main - INFO - Starting Chotu AI Upgraded System
2026-05-04 13:41:03,863 - Main - INFO - Launching Desktop GUI...
2026-05-04 13:41:22,183 - nlp.intent_parser - INFO - Processing input: add 3 maggi
2026-05-04 13:41:22,183 - nlp.intent_parser - INFO - Parsed data: {'intent': 'ADD_ITEM', 'original_text': 'add 3 maggi', 'item': 'maggi', 'quantity': 3, 'amount': 0.0, 'category': 'general'}
2026-05-04 13:41:22,193 - core.inventory - INFO - Updated stock for 'maggi': 110 -> 113
2026-05-04 13:41:49,553 - nlp.intent_parser - INFO - Processing input: add maggie 
2026-05-04 13:41:49,553 - nlp.intent_parser - INFO - Parsed data: {'intent': 'ADD_ITEM', 'original_text': 'add maggie ', 'item': 'maggi', 'quantity': 1, 'amount': 0.0, 'category': 'general'}
2026-05-04 13:41:49,564 - core.inventory - INFO - Updated stock for 'maggi': 113 -> 114
2026-05-04 13:42:06,263 - nlp.intent_parser - INFO - Processing input: add 5 maggie to bill
2026-05-04 13:42:06,264 - nlp.intent_parser - INFO - Parsed data: {'intent': 'CREATE_BILL', 'original_text': 'add 5 maggie to bill', 'item': 'maggi', 'quantity': 5, 'amount': 0.0, 'category': 'general'}
2026-05-04 13:42:06,270 - core.inventory - INFO - Updated stock for 'maggi': 114 -> 109
2026-05-04 13:42:06,281 - core.billing - INFO - Transaction 4 completed. Total: 100.0
2026-05-04 13:42:24,963 - core.inventory - INFO - Updated stock for 'maggi': 109 -> 104
2026-05-04 13:42:24,977 - core.billing - INFO - Transaction 5 completed. Total: 100.0
2026-05-04 13:42:43,952 - Main - INFO - Starting Chotu AI Upgraded System
2026-05-04 13:42:43,953 - Main - INFO - Launching Desktop GUI...
2026-05-04 13:47:05,860 - Main - INFO - Starting Chotu AI Upgraded System
2026-05-04 13:47:05,860 - Main - INFO - Launching Desktop GUI...
